<?xml version="1.0" encoding="UTF-8"?>
<!-- Generated by org.testng.reporters.JUnitReportReporter -->
<testsuite hostname="DESKTOP-FBQO9SP" failures="0" tests="2" name="com.cucmber.testng.tests.ExcelTest" time="0.004" errors="0" timestamp="2025-04-03T08:18:35 IST" skipped="0">
  <testcase classname="com.cucmber.testng.tests.ExcelTest" name="testExcelData" time="0.002"/>
  <testcase classname="com.cucmber.testng.tests.ExcelTest" name="testExcelData" time="0.002"/>
</testsuite> <!-- com.cucmber.testng.tests.ExcelTest -->
